<?xml version="1.0" encoding="UTF-8"?>
<!-- Generated by org.testng.reporters.JUnitXMLReporter -->
<testsuite hostname="Sahils-MacBook.local" ignored="0" name="Default test" tests="3" failures="0" timestamp="2020-03-23T15:23:33 COT" time="7.915" errors="0">
  <testcase name="validateFetchuser_time" time="0.008" classname="com.PetStoreAPI.TestCases.TC004_UpdateUser_Test"/>
  <testcase name="validateResponseCode" time="0.002" classname="com.PetStoreAPI.TestCases.TC004_UpdateUser_Test"/>
  <testcase name="validate_responsebody" time="0.015" classname="com.PetStoreAPI.TestCases.TC004_UpdateUser_Test"/>
</testsuite> <!-- Default test -->
